<?xml version="1.0" encoding="UTF-8"?>
<testng-results ignored="0" total="1" passed="1" failed="0" skipped="0">
  <reporter-output>
  </reporter-output>
  <suite started-at="2019-11-11T20:50:10 IST" name="Default suite" finished-at="2019-11-11T20:50:21 IST" duration-ms="10478">
    <groups>
    </groups>
    <test started-at="2019-11-11T20:50:10 IST" name="Default test" finished-at="2019-11-11T20:50:21 IST" duration-ms="10478">
      <class name="RestAssuredProject.AbusiveExperienceAPITest">
        <test-method signature="AbusiveExperienceTestRun()[pri:0, instance:RestAssuredProject.AbusiveExperienceAPITest@223f3642]" started-at="2019-11-11T20:50:10 IST" name="AbusiveExperienceTestRun" finished-at="2019-11-11T20:50:21 IST" duration-ms="10365" status="PASS">
          <reporter-output>
          </reporter-output>
        </test-method> <!-- AbusiveExperienceTestRun -->
      </class> <!-- RestAssuredProject.AbusiveExperienceAPITest -->
    </test> <!-- Default test -->
  </suite> <!-- Default suite -->
</testng-results>
