<?xml version="1.0" encoding="UTF-8"?>
<testng-results ignored="1" total="2" passed="1" failed="0" skipped="0">
  <reporter-output>
  </reporter-output>
  <suite started-at="2019-11-14T19:59:39 IST" name="Default suite" finished-at="2019-11-14T20:00:12 IST" duration-ms="33045">
    <groups>
    </groups>
    <test started-at="2019-11-14T19:59:39 IST" name="Default test" finished-at="2019-11-14T20:00:12 IST" duration-ms="33045">
      <class name="RestAssuredProject.GmailAPITest">
        <test-method signature="getCode()[pri:0, instance:RestAssuredProject.GmailAPITest@4445629]" started-at="2019-11-14T19:59:39 IST" name="getCode" finished-at="2019-11-14T20:00:12 IST" duration-ms="32972" status="PASS">
          <reporter-output>
          </reporter-output>
        </test-method> <!-- getCode -->
      </class> <!-- RestAssuredProject.GmailAPITest -->
    </test> <!-- Default test -->
  </suite> <!-- Default suite -->
</testng-results>
