<?xml version="1.0" encoding="UTF-8"?>
<!-- Generated by org.testng.reporters.JUnitXMLReporter -->
<testsuite ignored="0" hostname="IN-komehta-W1" failures="0" tests="2" name="AbusiveExperienceAPITest" time="111.744" errors="0" timestamp="2019-11-20T20:44:27 IST">
  <testcase classname="RestAssuredProject.AbusiveExperienceAPITest" name="AbusiveStatusTestRun" time="1.528"/>
  <testcase classname="RestAssuredProject.AbusiveExperienceAPITest" name="ViolatingSitesTestRun" time="110.203"/>
</testsuite> <!-- AbusiveExperienceAPITest -->
