<?xml version="1.0" encoding="UTF-8"?>
<!-- Generated by org.testng.reporters.JUnitXMLReporter -->
<testsuite ignored="0" hostname="IN-komehta-W1" failures="0" tests="2" name="AbusiveExperienceAPITest" time="173.316" errors="0" timestamp="2019-11-25T21:39:37 IST">
  <testcase classname="RestAssuredProject.AbusiveExperienceAPITest" name="AbusiveStatusTestRun" time="1.924"/>
  <testcase classname="RestAssuredProject.AbusiveExperienceAPITest" name="ViolatingSitesTestRun" time="171.376"/>
</testsuite> <!-- AbusiveExperienceAPITest -->
