<?xml version="1.0" encoding="UTF-8"?>
<!-- Generated by org.testng.reporters.JUnitXMLReporter -->
<testsuite ignored="0" hostname="IN-komehta-W1" failures="0" tests="6" name="CalendarAPITest" time="55.282" errors="0" timestamp="2019-11-21T20:03:09 IST">
  <testcase classname="RestAssuredProject.CalendarAPITest" name="getCalendarListTest" time="1.191"/>
  <testcase classname="RestAssuredProject.CalendarAPITest" name="getCalendarTest" time="1.902"/>
  <testcase classname="RestAssuredProject.CalendarAPITest" name="getCalendarColorsTest" time="3.34"/>
  <testcase classname="RestAssuredProject.CalendarAPITest" name="getCalendarEventListTest" time="1.506"/>
  <testcase classname="RestAssuredProject.CalendarAPITest" name="listUserCalendarSettingsTest" time="2.922"/>
  <testcase classname="RestAssuredProject.CalendarAPITest" name="createAnEventTest" time="1.432"/>
</testsuite> <!-- CalendarAPITest -->
