<?xml version="1.0" encoding="UTF-8"?>
<!-- Generated by org.testng.reporters.JUnitXMLReporter -->
<testsuite ignored="0" hostname="IN-komehta-W1" failures="0" tests="6" name="CalendarAPITest" time="35.841" errors="0" timestamp="2019-11-20T20:42:04 IST">
  <testcase classname="RestAssuredProject.CalendarAPITest" name="getCalendarListTest" time="0.961"/>
  <testcase classname="RestAssuredProject.CalendarAPITest" name="getCalendarTest" time="0.809"/>
  <testcase classname="RestAssuredProject.CalendarAPITest" name="getCalendarColorsTest" time="0.758"/>
  <testcase classname="RestAssuredProject.CalendarAPITest" name="getCalendarEventListTest" time="1.155"/>
  <testcase classname="RestAssuredProject.CalendarAPITest" name="listUserCalendarSettingsTest" time="0.805"/>
  <testcase classname="RestAssuredProject.CalendarAPITest" name="createAnEventTest" time="1.079"/>
</testsuite> <!-- CalendarAPITest -->
