<?xml version="1.0" encoding="UTF-8"?>
<!-- Generated by org.testng.reporters.JUnitXMLReporter -->
<testsuite ignored="1" hostname="IN-komehta-W1" failures="0" tests="1" name="Default test" time="113.745" errors="0" timestamp="2019-11-20T16:33:48 IST">
  <testcase classname="RestAssuredProject.AbusiveExperienceAPITest" name="ViolatingSitesTestRun" time="113.663"/>
  <testcase classname="RestAssuredProject.AbusiveExperienceAPITest" name="AbusiveStatusTestRun" time="0.0">
    <ignored/>
  </testcase> <!-- AbusiveStatusTestRun -->
</testsuite> <!-- Default test -->
