<?xml version="1.0" encoding="UTF-8"?>
<!-- Generated by org.testng.reporters.JUnitXMLReporter -->
<testsuite ignored="0" hostname="IN-komehta-W1" failures="0" tests="6" name="Default test" time="33.775" errors="0" timestamp="2019-11-19T21:19:52 IST">
  <testcase classname="RestAssuredProject.CalendarAPITest" name="getCalendarListTest" time="0.971"/>
  <testcase classname="RestAssuredProject.CalendarAPITest" name="getCalendarTest" time="0.671"/>
  <testcase classname="RestAssuredProject.CalendarAPITest" name="getCalendarColorsTest" time="0.688"/>
  <testcase classname="RestAssuredProject.CalendarAPITest" name="getCalendarEventListTest" time="1.069"/>
  <testcase classname="RestAssuredProject.CalendarAPITest" name="listUserCalendarSettingsTest" time="0.637"/>
  <testcase classname="RestAssuredProject.CalendarAPITest" name="createAnEventTest" time="1.022"/>
</testsuite> <!-- Default test -->
